[debug] [2025-03-11T00:31:36.303Z] ----------------------------------------------------------------------
[debug] [2025-03-11T00:31:36.305Z] Command:       C:\Program Files\nodejs\node.exe C:\Users\deen0\AppData\Roaming\npm\node_modules\firebase-tools\lib\bin\firebase.js init emulators
[debug] [2025-03-11T00:31:36.306Z] CLI Version:   13.33.0
[debug] [2025-03-11T00:31:36.306Z] Platform:      win32
[debug] [2025-03-11T00:31:36.306Z] Node Version:  v20.11.1
[debug] [2025-03-11T00:31:36.306Z] Time:          Mon Mar 10 2025 19:31:36 GMT-0500 (Central Daylight Time)
[debug] [2025-03-11T00:31:36.306Z] ----------------------------------------------------------------------
[debug] 
[debug] [2025-03-11T00:31:36.535Z] Object "" in "firebase.json" has unknown property: {"additionalProperty":"projectId"}
[debug] [2025-03-11T00:31:36.540Z] > command requires scopes: ["email","openid","https://www.googleapis.com/auth/cloudplatformprojects.readonly","https://www.googleapis.com/auth/firebase","https://www.googleapis.com/auth/cloud-platform"]
[debug] [2025-03-11T00:31:36.540Z] > authorizing via signed-in user (dianan64@iastate.edu)
[debug] [2025-03-11T00:31:36.541Z] Object "" in "firebase.json" has unknown property: {"additionalProperty":"projectId"}
[info] 
     ######## #### ########  ######## ########     ###     ######  ########
     ##        ##  ##     ## ##       ##     ##  ##   ##  ##       ##
     ######    ##  ########  ######   ########  #########  ######  ######
     ##        ##  ##    ##  ##       ##     ## ##     ##       ## ##
     ##       #### ##     ## ######## ########  ##     ##  ######  ########

You're about to initialize a Firebase project in this directory:

  C:\Users\deen0\OneDrive\Desktop\Com S 402\ArmariumBetaV2\ArmariumBetaV2-Fork\armarium

Before we get started, keep in mind:

  * You are initializing within an existing Firebase project directory

[info] 
=== Project Setup
[info] 
[info] First, let's associate this project directory with a Firebase project.
[info] You can create multiple project aliases by running firebase use --add, 
[info] but for now we'll just set up a default project.
[info] 
[debug] [2025-03-11T00:32:00.049Z] Using project from CLI flag: armarium-e6655
[debug] [2025-03-11T00:32:00.050Z] Checked if tokens are valid: false, expires at: 1741641466977
[debug] [2025-03-11T00:32:00.050Z] Checked if tokens are valid: false, expires at: 1741641466977
[debug] [2025-03-11T00:32:00.051Z] > refreshing access token with scopes: []
[debug] [2025-03-11T00:32:00.053Z] >>> [apiv2][query] POST https://www.googleapis.com/oauth2/v3/token [none]
[debug] [2025-03-11T00:32:00.053Z] >>> [apiv2][body] POST https://www.googleapis.com/oauth2/v3/token [omitted]
[debug] [2025-03-11T00:32:00.364Z] <<< [apiv2][status] POST https://www.googleapis.com/oauth2/v3/token 200
[debug] [2025-03-11T00:32:00.364Z] <<< [apiv2][body] POST https://www.googleapis.com/oauth2/v3/token [omitted]
[debug] [2025-03-11T00:32:00.379Z] >>> [apiv2][query] GET https://firebase.googleapis.com/v1beta1/projects/armarium-e6655 [none]
[debug] [2025-03-11T00:32:00.805Z] <<< [apiv2][status] GET https://firebase.googleapis.com/v1beta1/projects/armarium-e6655 403
[debug] [2025-03-11T00:32:00.806Z] <<< [apiv2][body] GET https://firebase.googleapis.com/v1beta1/projects/armarium-e6655 {"error":{"code":403,"message":"The caller does not have permission","status":"PERMISSION_DENIED"}}
[debug] [2025-03-11T00:32:00.807Z] Request to https://firebase.googleapis.com/v1beta1/projects/armarium-e6655 had HTTP Error: 403, The caller does not have permission
[debug] [2025-03-11T00:32:00.943Z] FirebaseError: Request to https://firebase.googleapis.com/v1beta1/projects/armarium-e6655 had HTTP Error: 403, The caller does not have permission
    at responseToError (C:\Users\deen0\AppData\Roaming\npm\node_modules\firebase-tools\lib\responseToError.js:52:12)
    at RetryOperation._fn (C:\Users\deen0\AppData\Roaming\npm\node_modules\firebase-tools\lib\apiv2.js:312:77)
    at process.processTicksAndRejections (node:internal/process/task_queues:95:5)
[error] 
[error] Error: Failed to get Firebase project armarium-e6655. Please make sure the project exists and your account has permission to access it.
